<?xml version="1.0" encoding="UTF-8"?>
<!-- Generated by org.testng.reporters.JUnitReportReporter -->
<testsuite hostname="WINAP185303-OTM" name="com.crm.qa.testcases.LoginPageTest" tests="3" failures="0" timestamp="2 Apr 2018 13:53:43 GMT" time="45.381" errors="0">
  <testcase name="crmLogoImageTest" time="9.645" classname="com.crm.qa.testcases.LoginPageTest"/>
  <testcase name="loginpageTitleTest" time="8.205" classname="com.crm.qa.testcases.LoginPageTest"/>
  <testcase name="loginTest" time="27.531" classname="com.crm.qa.testcases.LoginPageTest"/>
</testsuite> <!-- com.crm.qa.testcases.LoginPageTest -->
