<?xml version="1.0" encoding="UTF-8"?>
<!-- Generated by org.testng.reporters.JUnitReportReporter -->
<testsuite hostname="WINAP185303-OTM" name="com.crm.qa.testcases.LoginPageTest" tests="3" failures="0" timestamp="2 Apr 2018 18:19:25 GMT" time="34.453" errors="0">
  <testcase name="loginTest" time="18.530" classname="com.crm.qa.testcases.LoginPageTest"/>
  <testcase name="loginpageTitleTest" time="8.474" classname="com.crm.qa.testcases.LoginPageTest"/>
  <testcase name="crmLogoImageTest" time="7.449" classname="com.crm.qa.testcases.LoginPageTest"/>
</testsuite> <!-- com.crm.qa.testcases.LoginPageTest -->
